{
  "stats": {
    "suites": 4,
    "tests": 2,
    "passes": 2,
    "pending": 0,
    "failures": 0,
    "start": "2024-04-11T06:14:41.599Z",
    "end": "2024-04-11T06:14:47.986Z",
    "duration": 6387,
    "testsRegistered": 2,
    "passPercent": 100,
    "pendingPercent": 0,
    "other": 0,
    "hasOther": false,
    "skipped": 0,
    "hasSkipped": false
  },
  "results": [
    {
      "uuid": "0d612685-18b3-482b-bcc0-b3af92feffc7",
      "title": "",
      "fullFile": "",
      "file": "",
      "beforeHooks": [],
      "afterHooks": [],
      "tests": [],
      "suites": [
        {
          "uuid": "b5bde066-eaee-4970-9b1e-93e4fb0eabdb",
          "title": "API Tests",
          "fullFile": "C:\\Users\\Riya\\Desktop\\BMS\\BookMyShow\\src\\__tests__\\api.test.js",
          "file": "\\__tests__\\api.test.js",
          "beforeHooks": [],
          "afterHooks": [],
          "tests": [],
          "suites": [
            {
              "uuid": "0a7099c9-cde5-49eb-ae7c-8bef8dc6b3e7",
              "title": "GET /booking",
              "fullFile": "C:\\Users\\Riya\\Desktop\\BMS\\BookMyShow\\src\\__tests__\\api.test.js",
              "file": "\\__tests__\\api.test.js",
              "beforeHooks": [],
              "afterHooks": [],
              "tests": [
                {
                  "title": "it should GET booking data",
                  "fullTitle": "API Tests GET /booking it should GET booking data",
                  "timedOut": false,
                  "duration": 6212,
                  "state": "passed",
                  "speed": "slow",
                  "pass": true,
                  "fail": false,
                  "pending": false,
                  "context": null,
                  "code": "chai\n  .request(app)\n  .get(\"/api/booking\")\n  .end((err, res) => {\n    if (err) return done(err);\n    expect(res).to.have.status(200);\n    expect(res.body).to.be.an(\"object\");\n    done();\n  });",
                  "err": {},
                  "uuid": "ec842878-be31-45cf-8739-d1f1caddb46a",
                  "parentUUID": "0a7099c9-cde5-49eb-ae7c-8bef8dc6b3e7",
                  "isHook": false,
                  "skipped": false
                }
              ],
              "suites": [],
              "passes": [
                "ec842878-be31-45cf-8739-d1f1caddb46a"
              ],
              "failures": [],
              "pending": [],
              "skipped": [],
              "duration": 6212,
              "root": false,
              "rootEmpty": false,
              "_timeout": 60000
            }
          ],
          "passes": [],
          "failures": [],
          "pending": [],
          "skipped": [],
          "duration": 0,
          "root": false,
          "rootEmpty": false,
          "_timeout": 60000
        },
        {
          "uuid": "03a18826-4cbe-4db1-ae36-7f3a900f7b3c",
          "title": "API Tests",
          "fullFile": "C:\\Users\\Riya\\Desktop\\BMS\\BookMyShow\\src\\__tests__\\api.test.js",
          "file": "\\__tests__\\api.test.js",
          "beforeHooks": [],
          "afterHooks": [],
          "tests": [],
          "suites": [
            {
              "uuid": "3ad32823-3327-4881-bcac-554bce6135f5",
              "title": "POST /booking",
              "fullFile": "C:\\Users\\Riya\\Desktop\\BMS\\BookMyShow\\src\\__tests__\\api.test.js",
              "file": "\\__tests__\\api.test.js",
              "beforeHooks": [],
              "afterHooks": [],
              "tests": [
                {
                  "title": "it should POST booking data",
                  "fullTitle": "API Tests POST /booking it should POST booking data",
                  "timedOut": false,
                  "duration": 133,
                  "state": "passed",
                  "speed": "slow",
                  "pass": true,
                  "fail": false,
                  "pending": false,
                  "context": null,
                  "code": "chai\n  .request(app)\n  .get(\"/api/booking\")\n  .end((err, res) => {\n    if (err) return done(err);\n    expect(res).to.have.status(200);\n    expect(res.body).to.be.an(\"object\");\n    done();\n  });",
                  "err": {},
                  "uuid": "3392eb59-a5ce-4afd-82dc-8900c0baec87",
                  "parentUUID": "3ad32823-3327-4881-bcac-554bce6135f5",
                  "isHook": false,
                  "skipped": false
                }
              ],
              "suites": [],
              "passes": [
                "3392eb59-a5ce-4afd-82dc-8900c0baec87"
              ],
              "failures": [],
              "pending": [],
              "skipped": [],
              "duration": 133,
              "root": false,
              "rootEmpty": false,
              "_timeout": 60000
            }
          ],
          "passes": [],
          "failures": [],
          "pending": [],
          "skipped": [],
          "duration": 0,
          "root": false,
          "rootEmpty": false,
          "_timeout": 60000
        }
      ],
      "passes": [],
      "failures": [],
      "pending": [],
      "skipped": [],
      "duration": 0,
      "root": true,
      "rootEmpty": true,
      "_timeout": 60000
    }
  ],
  "meta": {
    "mocha": {
      "version": "10.3.0"
    },
    "mochawesome": {
      "options": {
        "quiet": false,
        "reportFilename": "mochawesome",
        "saveHtml": true,
        "saveJson": true,
        "consoleReporter": "spec",
        "useInlineDiffs": false,
        "code": true
      },
      "version": "7.1.3"
    },
    "marge": {
      "options": null,
      "version": "6.2.0"
    }
  }
}